app/build/outputs/logs/manifest-merger-debug-report.txt
-- Merging decision tree log ---
manifest
ADDED from src\main\AndroidManifest.xml:2:1-89:12
	xmlns:android
		ADDED from src\main\AndroidManifest.xml:2:11-69
	package
		ADDED from src\main\AndroidManifest.xml:3:5-31
		INJECTED from src\main\AndroidManifest.xml
		INJECTED from src\main\AndroidManifest.xml
	android:versionName
		ADDED from src\main\AndroidManifest.xml:5:5-30
	android:versionCode
		ADDED from src\main\AndroidManifest.xml:4:5-28
		INJECTED from src\main\AndroidManifest.xml
		INJECTED from src\main\AndroidManifest.xml
uses-sdk
ADDED from src\main\AndroidManifest.xml:7:5-9:41
MERGED from [com.android.support:appcompat-v7:19.1.0] AndroidManifest.xml:18:5-42
	android:targetSdkVersion
		ADDED from src\main\AndroidManifest.xml:9:9-38
		INJECTED from src\main\AndroidManifest.xml
		INJECTED from src\main\AndroidManifest.xml
	android:minSdkVersion
		ADDED from src\main\AndroidManifest.xml:8:9-35
		INJECTED from src\main\AndroidManifest.xml
		INJECTED from src\main\AndroidManifest.xml
application
ADDED from src\main\AndroidManifest.xml:11:5-87:19
MERGED from [com.android.support:appcompat-v7:19.1.0] AndroidManifest.xml:19:5-20
	android:label
		ADDED from src\main\AndroidManifest.xml:14:9-41
	android:allowBackup
		ADDED from src\main\AndroidManifest.xml:12:9-35
	android:icon
		ADDED from src\main\AndroidManifest.xml:13:9-45
	android:theme
		ADDED from src\main\AndroidManifest.xml:15:9-40
activity#com.alex.gymwork.SplashScreen
ADDED from src\main\AndroidManifest.xml:16:9-26:20
	android:screenOrientation
		ADDED from src\main\AndroidManifest.xml:19:13-49
	android:label
		ADDED from src\main\AndroidManifest.xml:18:13-62
	android:theme
		ADDED from src\main\AndroidManifest.xml:20:13-71
	android:name
		ADDED from src\main\AndroidManifest.xml:17:13-41
intent-filter#android.intent.action.MAIN+android.intent.category.LAUNCHER
ADDED from src\main\AndroidManifest.xml:21:13-25:29
action#android.intent.action.MAIN
ADDED from src\main\AndroidManifest.xml:22:17-69
	android:name
		ADDED from src\main\AndroidManifest.xml:22:25-66
category#android.intent.category.LAUNCHER
ADDED from src\main\AndroidManifest.xml:24:17-77
	android:name
		ADDED from src\main\AndroidManifest.xml:24:27-74
activity#com.alex.gymwork.MainScreen
ADDED from src\main\AndroidManifest.xml:27:9-31:20
	android:screenOrientation
		ADDED from src\main\AndroidManifest.xml:30:13-49
	android:label
		ADDED from src\main\AndroidManifest.xml:29:13-45
	android:name
		ADDED from src\main\AndroidManifest.xml:28:13-39
service#com.alex.gymwork.service.ServiceMusic
ADDED from src\main\AndroidManifest.xml:33:9-34:19
	android:name
		ADDED from src\main\AndroidManifest.xml:33:18-70
activity#com.alex.gymwork.Stopwatch
ADDED from src\main\AndroidManifest.xml:36:9-40:20
	android:screenOrientation
		ADDED from src\main\AndroidManifest.xml:39:13-49
	android:label
		ADDED from src\main\AndroidManifest.xml:38:13-57
	android:name
		ADDED from src\main\AndroidManifest.xml:37:13-38
activity#com.alex.gymwork.ExercisesGroups
ADDED from src\main\AndroidManifest.xml:41:9-45:20
	android:screenOrientation
		ADDED from src\main\AndroidManifest.xml:44:13-49
	android:label
		ADDED from src\main\AndroidManifest.xml:43:13-69
	android:name
		ADDED from src\main\AndroidManifest.xml:42:13-44
activity#com.alex.gymwork.ExercisesListActivity
ADDED from src\main\AndroidManifest.xml:46:9-56:20
	android:screenOrientation
		ADDED from src\main\AndroidManifest.xml:49:13-49
	android:label
		ADDED from src\main\AndroidManifest.xml:48:13-66
	android:name
		ADDED from src\main\AndroidManifest.xml:47:13-50
intent-filter#android.intent.category.DEFAULT+com.alex.gymwork.intent.action.showExercise+com.alex.gymwork.intent.action.showPrograms
ADDED from src\main\AndroidManifest.xml:50:13-55:29
action#com.alex.gymwork.intent.action.showExercise
ADDED from src\main\AndroidManifest.xml:51:17-86
	android:name
		ADDED from src\main\AndroidManifest.xml:51:25-83
action#com.alex.gymwork.intent.action.showPrograms
ADDED from src\main\AndroidManifest.xml:52:17-86
	android:name
		ADDED from src\main\AndroidManifest.xml:52:25-83
category#android.intent.category.DEFAULT
ADDED from src\main\AndroidManifest.xml:54:17-76
	android:name
		ADDED from src\main\AndroidManifest.xml:54:27-73
activity#com.alex.gymwork.ExerciseDescriptionActivity
ADDED from src\main\AndroidManifest.xml:57:9-61:20
	android:screenOrientation
		ADDED from src\main\AndroidManifest.xml:60:13-49
	android:label
		ADDED from src\main\AndroidManifest.xml:59:13-61
	android:name
		ADDED from src\main\AndroidManifest.xml:58:13-56
activity#com.alex.gymwork.ProgramsListActivity
ADDED from src\main\AndroidManifest.xml:62:9-66:20
	android:screenOrientation
		ADDED from src\main\AndroidManifest.xml:65:13-49
	android:label
		ADDED from src\main\AndroidManifest.xml:64:13-61
	android:name
		ADDED from src\main\AndroidManifest.xml:63:13-49
activity#com.alex.gymwork.ProgramDescriptionActivity
ADDED from src\main\AndroidManifest.xml:67:9-71:20
	android:screenOrientation
		ADDED from src\main\AndroidManifest.xml:70:13-49
	android:label
		ADDED from src\main\AndroidManifest.xml:69:13-65
	android:name
		ADDED from src\main\AndroidManifest.xml:68:13-55
activity#com.alex.gymwork.AddDataActivity
ADDED from src\main\AndroidManifest.xml:72:9-86:20
	android:screenOrientation
		ADDED from src\main\AndroidManifest.xml:75:13-49
	android:label
		ADDED from src\main\AndroidManifest.xml:74:13-60
	android:theme
		ADDED from src\main\AndroidManifest.xml:76:13-56
	android:name
		ADDED from src\main\AndroidManifest.xml:73:13-44
intent-filter#android.intent.category.DEFAULT+com.alex.gymwork.intent.action.addExercise+com.alex.gymwork.intent.action.addExerciseInProgram+com.alex.gymwork.intent.action.addProgramName+com.alex.gymwork.intent.action.addSetWeightRepeats+com.alex.gymwork.intent.action.addWeekday
ADDED from src\main\AndroidManifest.xml:77:13-85:29
action#com.alex.gymwork.intent.action.addExercise
ADDED from src\main\AndroidManifest.xml:78:17-85
	android:name
		ADDED from src\main\AndroidManifest.xml:78:25-82
action#com.alex.gymwork.intent.action.addProgramName
ADDED from src\main\AndroidManifest.xml:79:17-88
	android:name
		ADDED from src\main\AndroidManifest.xml:79:25-85
action#com.alex.gymwork.intent.action.addWeekday
ADDED from src\main\AndroidManifest.xml:80:17-84
	android:name
		ADDED from src\main\AndroidManifest.xml:80:25-81
action#com.alex.gymwork.intent.action.addExerciseInProgram
ADDED from src\main\AndroidManifest.xml:81:17-94
	android:name
		ADDED from src\main\AndroidManifest.xml:81:25-91
action#com.alex.gymwork.intent.action.addSetWeightRepeats
ADDED from src\main\AndroidManifest.xml:82:17-93
	android:name
		ADDED from src\main\AndroidManifest.xml:82:25-90